{
  "RSpec": {
    "coverage": {
      "C:/Users/Gary/Documents/GitHub/mini_zork_rb_sinatra/lib/game_map.rb": [
        1,
        1,
        null,
        1,
        1,
        null,
        1,
        3,
        3,
        3,
        null,
        null,
        3,
        27,
        27,
        594,
        null,
        null,
        null,
        null,
        66,
        null,
        null,
        27,
        null,
        null,
        null,
        null,
        null,
        null,
        null,
        null,
        null,
        null,
        3,
        27,
        66,
        156,
        0,
        null,
        null,
        null,
        null,
        null,
        null,
        1,
        156,
        null,
        null,
        null,
        null,
        156,
        null,
        null,
        1,
        0,
        0,
        null,
        0,
        0,
        null,
        null,
        null,
        1,
        0,
        0,
        null,
        null,
        1,
        0,
        0,
        0,
        0,
        null,
        null,
        null,
        null,
        1,
        0,
        0,
        null,
        null,
        null
      ],
      "C:/Users/Gary/Documents/GitHub/mini_zork_rb_sinatra/lib/room.rb": [
        1,
        1,
        null,
        1,
        null,
        1,
        27,
        27,
        27,
        null,
        27,
        null,
        null,
        27,
        null,
        null,
        null,
        null,
        null,
        27,
        27,
        null,
        null,
        1,
        11,
        null,
        null,
        1,
        0,
        null,
        null,
        1,
        0,
        null,
        null,
        1,
        0,
        null,
        null,
        1,
        0,
        null,
        null,
        1,
        0,
        null,
        null,
        null,
        null,
        null,
        null,
        null,
        null,
        null,
        null,
        null,
        null,
        null,
        null,
        null,
        null,
        null,
        null,
        null,
        null,
        null,
        null,
        null,
        null,
        null,
        null,
        null,
        null,
        null,
        null,
        null,
        null,
        null,
        null,
        null,
        null,
        null,
        null,
        null,
        null,
        null
      ],
      "C:/Users/Gary/Documents/GitHub/mini_zork_rb_sinatra/spec/lib/grue_spec.rb": [
        1,
        1,
        1,
        null,
        1,
        1,
        1,
        null,
        1,
        1,
        null,
        1,
        1,
        null,
        1,
        1,
        null,
        1,
        1,
        1,
        null,
        null,
        1,
        1,
        null,
        null,
        1,
        1,
        1,
        1,
        1,
        null,
        null,
        1,
        1,
        1,
        1,
        null,
        null,
        1,
        1,
        1,
        1,
        null,
        null,
        1,
        1,
        null,
        null
      ],
      "C:/Users/Gary/Documents/GitHub/mini_zork_rb_sinatra/lib/grue.rb": [
        null,
        1,
        1,
        1,
        1,
        null,
        1,
        null,
        1,
        null,
        1,
        1,
        1,
        1,
        null,
        null,
        1,
        null,
        3,
        3,
        3,
        null,
        null,
        null,
        3,
        3,
        null,
        null,
        1,
        0,
        0,
        null,
        0,
        0,
        null,
        null,
        0,
        0,
        0,
        null,
        null
      ],
      "C:/Users/Gary/Documents/GitHub/mini_zork_rb_sinatra/lib/room_occupant.rb": [
        1,
        1,
        1,
        null,
        1,
        3,
        3,
        null,
        null,
        1,
        2,
        null,
        null,
        1,
        0,
        null,
        null,
        1,
        4,
        4,
        4,
        null,
        null
      ],
      "C:/Users/Gary/Documents/GitHub/mini_zork_rb_sinatra/lib/path.rb": [
        1,
        null,
        null,
        1,
        1,
        null,
        1,
        4,
        4,
        null,
        4,
        4,
        4,
        null,
        null,
        null,
        null,
        null,
        1,
        2,
        null,
        null,
        1,
        86,
        86,
        0,
        null,
        null,
        86,
        202,
        14,
        null,
        188,
        null,
        null,
        188,
        28,
        null,
        78,
        78,
        null,
        82,
        null,
        null,
        null,
        null,
        null,
        1,
        160,
        964,
        160,
        null,
        null,
        null,
        1,
        202,
        342,
        202,
        null,
        null,
        1,
        7,
        7,
        188,
        188,
        50,
        291,
        50,
        null,
        null,
        57,
        null,
        null
      ],
      "C:/Users/Gary/Documents/GitHub/mini_zork_rb_sinatra/lib/player.rb": [
        1,
        null,
        1,
        1,
        null,
        1,
        null,
        2,
        null,
        null,
        null,
        null,
        null,
        null,
        2,
        2,
        2,
        2,
        null,
        2,
        null,
        null,
        null,
        1,
        2,
        2,
        2,
        6,
        null,
        2,
        1,
        1,
        1,
        1,
        null,
        1,
        null,
        2,
        null,
        null,
        1,
        0,
        0,
        0,
        0,
        0,
        null,
        0,
        null,
        null,
        1,
        0,
        0,
        0,
        null,
        0,
        null,
        null,
        1,
        0,
        0,
        0,
        0,
        0,
        null,
        0,
        null,
        null,
        1,
        0,
        null,
        0,
        0,
        0,
        null,
        0,
        0,
        0,
        null,
        null,
        0,
        0,
        null,
        null,
        null,
        0,
        0,
        0,
        0,
        null,
        null,
        null,
        0,
        null,
        null,
        1,
        0,
        0,
        0,
        null,
        null,
        1,
        0,
        null,
        null,
        1,
        0,
        null,
        null,
        1,
        0,
        null,
        null,
        1,
        0,
        null,
        null,
        1,
        0,
        null,
        null,
        1,
        0,
        null,
        null
      ],
      "C:/Users/Gary/Documents/GitHub/mini_zork_rb_sinatra/spec/lib/minizork_spec.rb": [
        1,
        1
      ],
      "C:/Users/Gary/Documents/GitHub/mini_zork_rb_sinatra/lib/minizork.rb": [
        1,
        1,
        1,
        1,
        1,
        1,
        1,
        null,
        1,
        1,
        1,
        null,
        null,
        null,
        null,
        null,
        1,
        null,
        1,
        0,
        0,
        null,
        0,
        0,
        null,
        null,
        0,
        0,
        0,
        null,
        0,
        0,
        0,
        0,
        null,
        null,
        1,
        0,
        0,
        0,
        0,
        null,
        null,
        1,
        0,
        0,
        null,
        null,
        1,
        null,
        0,
        0,
        null,
        null,
        0,
        0,
        null,
        0,
        null,
        null,
        null,
        1,
        0,
        null,
        0,
        0,
        0,
        null,
        null,
        null,
        0,
        0,
        null,
        0,
        null,
        null,
        0,
        0,
        0,
        0,
        null,
        null,
        0,
        null,
        null,
        0,
        0,
        null,
        0,
        null,
        null,
        1,
        0,
        0,
        0,
        0,
        0,
        0,
        0,
        0,
        null,
        null
      ],
      "C:/Users/Gary/Documents/GitHub/mini_zork_rb_sinatra/lib/gameplay.rb": [
        1,
        1,
        0,
        0,
        0,
        0,
        0,
        null,
        0,
        0,
        0,
        0,
        0,
        null,
        null,
        null,
        0,
        null,
        null,
        null,
        1,
        0,
        0,
        null,
        0,
        0,
        0,
        0,
        0,
        0,
        0,
        0,
        0,
        0,
        0,
        0,
        null,
        null,
        0,
        null,
        null,
        null,
        null,
        null,
        null,
        null,
        0,
        null,
        null,
        1,
        0,
        0,
        0,
        0,
        0,
        null,
        null,
        null,
        null,
        1,
        0,
        0,
        null,
        null,
        1,
        0,
        0,
        0,
        null,
        null,
        null,
        1,
        0,
        0,
        0,
        null,
        null,
        1,
        0,
        null,
        null,
        1,
        0,
        null,
        null,
        1,
        0,
        null,
        null,
        1,
        0,
        0,
        0,
        0,
        0,
        0,
        0,
        0,
        0,
        null,
        0,
        0,
        0,
        null,
        null,
        null,
        0,
        null,
        null,
        1,
        0,
        0,
        0,
        0,
        0,
        0,
        0,
        0,
        0,
        null,
        0,
        0,
        null,
        null
      ],
      "C:/Users/Gary/Documents/GitHub/mini_zork_rb_sinatra/spec/lib/mzconsole_spec.rb": [
        1,
        1
      ],
      "C:/Users/Gary/Documents/GitHub/mini_zork_rb_sinatra/lib/mzconsole.rb": [
        1,
        null,
        1,
        null,
        1,
        null,
        1,
        null,
        1,
        1,
        null,
        1,
        0,
        null,
        null,
        1,
        0,
        0,
        0,
        0,
        0,
        null,
        null,
        null,
        0,
        0,
        0,
        0,
        0,
        null,
        null,
        null,
        1,
        0,
        0,
        null,
        0,
        null,
        0,
        null,
        0,
        null,
        0,
        null,
        null,
        null,
        null,
        null,
        1,
        0,
        0,
        0,
        0,
        null,
        0,
        0,
        0,
        null,
        0,
        null,
        0,
        0,
        0,
        null,
        0,
        null,
        null,
        null,
        0,
        null,
        null,
        1,
        0,
        0,
        0,
        0,
        0,
        0,
        null,
        0,
        null,
        0,
        0,
        0,
        null,
        0,
        null,
        0,
        null,
        null,
        null,
        null,
        null,
        1,
        0,
        0,
        0,
        null,
        null
      ],
      "C:/Users/Gary/Documents/GitHub/mini_zork_rb_sinatra/spec/lib/mzweb_spec.rb": [
        1,
        1
      ],
      "C:/Users/Gary/Documents/GitHub/mini_zork_rb_sinatra/lib/mzweb.rb": [
        1,
        null,
        1,
        1,
        0,
        0,
        null,
        0,
        0,
        null,
        null,
        0,
        0,
        null,
        0,
        null,
        0,
        null,
        0,
        0,
        0,
        0,
        null,
        null,
        1,
        0,
        0,
        0,
        0,
        0,
        null,
        null,
        null,
        null,
        null,
        0,
        null,
        0,
        0,
        null,
        null,
        0,
        0,
        0,
        null,
        0,
        null,
        null,
        null,
        0,
        0,
        null,
        null,
        0,
        0,
        null,
        null,
        0,
        0,
        0,
        null,
        0,
        null,
        0,
        0,
        0,
        null,
        null,
        0,
        0,
        0,
        null,
        0,
        null,
        null,
        null,
        null,
        null,
        null,
        null
      ],
      "C:/Users/Gary/Documents/GitHub/mini_zork_rb_sinatra/spec/lib/path_spec.rb": [
        1,
        1
      ],
      "C:/Users/Gary/Documents/GitHub/mini_zork_rb_sinatra/spec/lib/player_spec.rb": [
        1,
        1,
        null,
        1,
        1,
        1,
        null,
        1,
        1,
        null,
        1,
        1,
        null,
        1,
        null,
        1,
        1,
        1,
        1,
        1,
        1,
        1,
        1,
        null,
        null,
        1,
        1,
        1,
        1,
        1,
        1,
        null,
        null
      ],
      "C:/Users/Gary/Documents/GitHub/mini_zork_rb_sinatra/spec/lib/room_occupant_spec.rb": [
        1,
        1
      ],
      "C:/Users/Gary/Documents/GitHub/mini_zork_rb_sinatra/spec/lib/room_spec.rb": [
        1,
        1
      ],
      "C:/Users/Gary/Documents/GitHub/mini_zork_rb_sinatra/spec/mz_console_app_spec.rb": [

      ],
      "C:/Users/Gary/Documents/GitHub/mini_zork_rb_sinatra/spec/mz_sinatra_app_spec.rb": [

      ]
    },
    "timestamp": 1394740059
  }
}
